[06:19:12] [main/INFO]: Environment: authHost='https://authserver.mojang.com', accountsHost='https://api.mojang.com', sessionHost='https://sessionserver.mojang.com', servicesHost='https://api.minecraftservices.com', name='PROD'
[06:19:13] [main/INFO]: Reloading ResourceManager: Default, bukkit
[06:19:14] [Worker-Main-1/INFO]: Loaded 7 recipes
[06:19:17] [Server thread/INFO]: Starting minecraft server version 1.17.1
[06:19:17] [Server thread/WARN]: ****************************
[06:19:17] [Server thread/WARN]: YOU ARE RUNNING THIS SERVER AS AN ADMINISTRATIVE OR ROOT USER. THIS IS NOT ADVISED.
[06:19:17] [Server thread/WARN]: YOU ARE OPENING YOURSELF UP TO POTENTIAL RISKS WHEN DOING THIS.
[06:19:17] [Server thread/WARN]: FOR MORE INFORMATION, SEE https://madelinemiller.dev/blog/root-minecraft-server/
[06:19:17] [Server thread/WARN]: ****************************
[06:19:17] [Server thread/INFO]: Loading properties
[06:19:17] [Server thread/INFO]: This server is running Paper version git-Paper-377 (MC: 1.17.1) (Implementing API version 1.17.1-R0.1-SNAPSHOT) (Git: 3f17694)
[06:19:17] [Server thread/INFO]: Server Ping Player Sample Count: 12
[06:19:17] [Server thread/INFO]: Using 4 threads for Netty based IO
[06:19:17] [Server thread/INFO]: Default game type: SURVIVAL
[06:19:17] [Server thread/INFO]: Generating keypair
[06:19:18] [Server thread/INFO]: Starting Minecraft server on *:25565
[06:19:18] [Server thread/INFO]: Using epoll channel type
[06:19:18] [Server thread/INFO]: Paper: Using libdeflate (Linux x86_64) compression from Velocity.
[06:19:18] [Server thread/INFO]: Paper: Using OpenSSL 1.1.x (Linux x86_64) cipher from Velocity.
[06:19:19] [Server thread/ERROR]: [STDERR] [org.bukkit.craftbukkit.v1_17_R1.legacy.CraftLegacy] Initializing Legacy Material Support. Unless you have legacy plugins and/or data this is a bug!
[06:19:26] [Server thread/WARN]: Legacy plugin LoginSecurity v3.0.2 does not specify an api-version.
[06:19:26] [Server thread/INFO]: [LuckPerms] Loading LuckPerms v5.3.74
[06:19:27] [Server thread/INFO]: [Vault] Loading Vault v1.7.3-b131
[06:19:27] [Server thread/INFO]: [Essentials] Loading Essentials v2.19.0
[06:19:27] [Server thread/INFO]: [LoginSecurity] Loading LoginSecurity v3.0.2
[06:19:27] [Server thread/INFO]: Server permissions file permissions.yml is empty, ignoring it
[06:19:27] [Server thread/INFO]: [LuckPerms] Enabling LuckPerms v5.3.74
[06:19:27] [Server thread/INFO]:         __    
[06:19:27] [Server thread/INFO]:   |    |__)   LuckPerms v5.3.74
[06:19:27] [Server thread/INFO]:   |___ |      Running on Bukkit - Paper
[06:19:27] [Server thread/INFO]: 
[06:19:27] [Server thread/INFO]: [LuckPerms] Loading configuration...
[06:19:27] [Server thread/INFO]: [LuckPerms] Loading storage provider... [H2]
[06:19:28] [Server thread/INFO]: [LuckPerms] Loading internal permission managers...
[06:19:29] [Server thread/INFO]: [LuckPerms] Performing initial data load...
[06:19:29] [Server thread/INFO]: [LuckPerms] Successfully enabled. (took 2431ms)
[06:19:29] [Server thread/INFO]: [Vault] Enabling Vault v1.7.3-b131
[06:19:29] [Server thread/WARN]: [Vault] Loaded class com.earth2me.essentials.api.Economy from Essentials v2.19.0 which is not a depend, softdepend or loadbefore of this plugin.
[06:19:29] [Server thread/INFO]: [Vault] [Economy] Essentials Economy found: Waiting
[06:19:29] [Server thread/INFO]: [Vault] [Permission] SuperPermissions loaded as backup permission system.
[06:19:29] [Server thread/INFO]: [Vault] Enabled Version 1.7.3-b131
[06:19:29] [Server thread/INFO]: [LuckPerms] Registered Vault permission & chat hook.
[06:19:29] [Server thread/WARN]: **** SERVER IS RUNNING IN OFFLINE/INSECURE MODE!
[06:19:29] [Server thread/WARN]: The server will make no attempt to authenticate usernames. Beware.
[06:19:29] [Server thread/WARN]: While this makes the game possible to play without internet access, it also opens up the ability for hackers to connect with any username they choose.
[06:19:29] [Server thread/WARN]: To change this, set "online-mode" to "true" in the server.properties file.
[06:19:29] [Server thread/INFO]: Preparing level "world"
[06:19:30] [Server thread/INFO]: Preparing start region for dimension minecraft:overworld
[06:19:31] [Server thread/INFO]: Preparing spawn area: 0%
[06:19:31] [Server thread/INFO]: Preparing spawn area: 0%
[06:19:31] [Server thread/INFO]: Preparing spawn area: 0%
[06:19:32] [Server thread/INFO]: Preparing spawn area: 0%
[06:19:32] [Server thread/INFO]: Preparing spawn area: 0%
[06:19:32] [Server thread/INFO]: Time elapsed: 2023 ms
[06:19:32] [Server thread/INFO]: Preparing start region for dimension minecraft:the_nether
[06:19:33] [Server thread/INFO]: Preparing spawn area: 0%
[06:19:33] [Server thread/INFO]: Preparing spawn area: 0%
[06:19:33] [Server thread/INFO]: Preparing spawn area: 0%
[06:19:34] [Server thread/INFO]: Preparing spawn area: 0%
[06:19:34] [Server thread/INFO]: Time elapsed: 1650 ms
[06:19:34] [Server thread/INFO]: Preparing start region for dimension minecraft:the_end
[06:19:34] [Server thread/INFO]: Preparing spawn area: 0%
[06:19:34] [Server thread/INFO]: Preparing spawn area: 0%
[06:19:35] [Server thread/INFO]: Preparing spawn area: 0%
[06:19:35] [Server thread/INFO]: Time elapsed: 1008 ms
[06:19:35] [Server thread/INFO]: [Essentials] Enabling Essentials v2.19.0
[06:19:36] [Server thread/INFO]: [Essentials] Attempting to convert old kits in config.yml to new kits.yml
[06:19:36] [Server thread/INFO]: [Essentials] No kits found to migrate.
[06:19:36] [Server thread/INFO]: [Essentials] Loaded 36837 items from items.json.
[06:19:36] [Server thread/INFO]: [Essentials] Using locale en_US
[06:19:36] [Server thread/INFO]: [Essentials] ServerListPingEvent: Spigot iterator API
[06:19:36] [Server thread/INFO]: [Essentials] Starting Metrics. Opt-out using the global bStats config.
[06:19:36] [Server thread/INFO]: [Vault] [Economy] Essentials Economy hooked.
[06:19:36] [Server thread/INFO]: [Essentials] Using Vault based permissions (LuckPerms)
[06:19:36] [Server thread/INFO]: [LoginSecurity] Enabling LoginSecurity v3.0.2*
[06:19:36] [Server thread/INFO]: [LoginSecurity] Loading base translations from "en_us"
[06:19:36] [Server thread/INFO]: [LoginSecurity] Loading specified translations from "en_us"
[06:19:37] [Server thread/INFO]: [LoginSecurity] Registering commands...
[06:19:37] [Server thread/INFO]: [LoginSecurity] Registering listeners...
[06:19:37] [Server thread/INFO]: [LoginSecurity] Using 1.12+ map captcha renderer
[06:19:37] [Server thread/INFO]: Running delayed init tasks
[06:19:37] [Server thread/INFO]: [Essentials] Essentials found a compatible payment resolution method: Vault Compatibility Layer (v1.7.3-b131)!
[06:19:37] [Server thread/INFO]: Done (19.927s)! For help, type "help"
[06:19:37] [Server thread/INFO]: Timings Reset
[06:19:37] [Craft Scheduler Thread - 2 - Essentials/INFO]: [Essentials] Fetching version information...
[06:19:37] [Craft Scheduler Thread - 3 - Vault/INFO]: [Vault] Checking for Updates ... 
[06:19:37] [Craft Scheduler Thread - 3 - Vault/INFO]: [Vault] No new version available
[06:22:49] [User Authenticator #1/INFO]: UUID of player Rulitooo is b1204afe-e762-3aeb-883b-49994fc29b5d
[06:22:50] [Server thread/INFO]: Rulitooo joined the game
[06:22:50] [Server thread/INFO]: Rulitooo[/138.59.246.34:63802] logged in with entity id 290 at ([world]10113.622238571177, 11.0, 9980.53284694518)
[06:22:50] [Server thread/WARN]: [Essentials] Permissions lag notice with (LuckPermsHandler). Response took 57.416660ms. Summary: Getting group for Rulitooo
[06:23:44] [User Authenticator #1/INFO]: UUID of player elpupis is 73a01ed3-452b-3e2d-8428-7fa4eb6b77e7
[06:23:44] [Server thread/INFO]: elpupis joined the game
[06:23:44] [Server thread/INFO]: elpupis[/138.59.244.2:15438] logged in with entity id 534 at ([world]10448.861587360669, 70.5, 10025.17819097931)
[06:25:18] [Server thread/INFO]: Rulitooo issued server command: /sethome spawner
[06:31:54] [User Authenticator #2/INFO]: UUID of player EnanoHot is 25ad59e8-4ac1-3ea2-a695-5feaad2847db
[06:31:54] [Server thread/INFO]: EnanoHot joined the game
[06:31:54] [Server thread/INFO]: EnanoHot[/138.59.244.2:59770] logged in with entity id 2380 at ([world]10263.96998905453, 70.0, 9966.69846002195)
[06:32:39] [Server thread/WARN]: EnanoHot was kicked due to keepalive timeout!
[06:32:39] [Server thread/INFO]: EnanoHot lost connection: Timed out
[06:32:39] [Server thread/INFO]: EnanoHot left the game
[06:32:49] [User Authenticator #2/INFO]: UUID of player EnanoHot is 25ad59e8-4ac1-3ea2-a695-5feaad2847db
[06:32:49] [Server thread/INFO]: EnanoHot joined the game
[06:32:49] [Server thread/INFO]: EnanoHot[/138.59.244.2:59778] logged in with entity id 2560 at ([world]10263.619943553693, 70.0, 9971.12363934132)
[06:33:28] [Server thread/INFO]: CONSOLE issued server command: /ping elpupis
[06:33:28] [Server thread/INFO]: elpupis
[06:33:34] [Server thread/WARN]: EnanoHot was kicked due to keepalive timeout!
[06:33:34] [Server thread/INFO]: EnanoHot lost connection: Timed out
[06:33:34] [Server thread/INFO]: EnanoHot left the game
[06:34:21] [Server thread/INFO]: Rulitooo issued server command: /creative
[06:34:22] [User Authenticator #3/INFO]: UUID of player EnanoHot is 25ad59e8-4ac1-3ea2-a695-5feaad2847db
[06:34:22] [Server thread/INFO]: EnanoHot joined the game
[06:34:22] [Server thread/INFO]: EnanoHot[/138.59.244.2:59784] logged in with entity id 2916 at ([world]10261.218020427734, 70.5625, 9966.42533832052)
[06:34:50] [Server thread/INFO]: Rulitooo issued server command: /survival
[06:35:01] [Server thread/INFO]: CONSOLE issued server command: /ping EnanoHot
[06:35:01] [Server thread/INFO]: EnanoHot
[06:35:06] [Server thread/INFO]: Unknown command. Type "/help" for help.
[06:35:07] [Server thread/WARN]: EnanoHot was kicked due to keepalive timeout!
[06:35:07] [Server thread/INFO]: EnanoHot lost connection: Timed out
[06:35:07] [Server thread/INFO]: EnanoHot left the game
[06:35:42] [User Authenticator #4/INFO]: UUID of player EnanoHot is 25ad59e8-4ac1-3ea2-a695-5feaad2847db
[06:35:42] [Server thread/INFO]: EnanoHot joined the game
[06:35:42] [Server thread/INFO]: EnanoHot[/138.59.244.2:1875] logged in with entity id 3187 at ([world]10261.5, 70.5625, 9967.5)
[06:36:01] [Server thread/INFO]: Unknown command. Type "/help" for help.
[06:36:05] [Server thread/INFO]: CONSOLE issued server command: /ping EnanoHot
[06:36:05] [Server thread/INFO]: EnanoHot
[06:36:27] [Server thread/WARN]: EnanoHot was kicked due to keepalive timeout!
[06:36:27] [Server thread/INFO]: EnanoHot lost connection: Timed out
[06:36:27] [Server thread/INFO]: EnanoHot left the game
[06:36:34] [User Authenticator #4/INFO]: UUID of player santi778 is f53862f5-7198-31f6-8f91-4d8b796e49cb
[06:36:34] [Server thread/INFO]: santi778 joined the game
[06:36:34] [Server thread/INFO]: santi778[/138.59.247.142:49392] logged in with entity id 3390 at ([world]10298.187455542058, 67.0, 9928.665481824357)
[06:38:10] [User Authenticator #5/INFO]: UUID of player EnanoHot is 25ad59e8-4ac1-3ea2-a695-5feaad2847db
[06:38:10] [Server thread/INFO]: EnanoHot joined the game
[06:38:10] [Server thread/INFO]: EnanoHot[/138.59.244.2:59824] logged in with entity id 3792 at ([world]10260.095257370289, 70.0, 9966.937390923329)
[06:38:55] [Server thread/WARN]: EnanoHot was kicked due to keepalive timeout!
[06:38:55] [Server thread/INFO]: EnanoHot lost connection: Timed out
[06:38:55] [Server thread/INFO]: EnanoHot left the game
[06:41:25] [Server thread/INFO]: santi778 has made the advancement [Acquire Hardware]
[06:41:40] [User Authenticator #6/INFO]: UUID of player Chesan is a5cbee37-1ebc-384c-88ed-21ec0222facc
[06:41:40] [Server thread/INFO]: Chesan joined the game
[06:41:40] [Server thread/INFO]: Chesan[/138.59.244.2:4741] logged in with entity id 4839 at ([world]10312.5, 65.0, 9955.5)
[06:42:42] [Async Chat Thread - #0/INFO]: <Rulitooo> ./register contraseña
[06:44:07] [Server thread/INFO]: santi778 has made the advancement [Isn't It Iron Pick]
[06:45:12] [User Authenticator #7/INFO]: UUID of player EnanoHot is 25ad59e8-4ac1-3ea2-a695-5feaad2847db
[06:45:12] [Server thread/INFO]: EnanoHot joined the game
[06:45:12] [Server thread/INFO]: EnanoHot[/138.59.244.2:50726] logged in with entity id 5815 at ([world]10257.038643807764, 70.0, 9969.075145586456)
[06:45:37] [Server thread/INFO]: EnanoHot lost connection: Disconnected
[06:45:37] [Server thread/INFO]: EnanoHot left the game
[06:46:44] [User Authenticator #8/INFO]: UUID of player EnanoHot is 25ad59e8-4ac1-3ea2-a695-5feaad2847db
[06:46:45] [Server thread/INFO]: EnanoHot joined the game
[06:46:45] [Server thread/INFO]: EnanoHot[/138.59.244.2:50750] logged in with entity id 6229 at ([world]10261.026635821347, 70.5625, 9967.536382426106)
[06:47:22] [Server thread/INFO]: Chesan lost connection: Disconnected
[06:47:22] [Server thread/INFO]: Chesan left the game
[06:47:24] [User Authenticator #8/INFO]: UUID of player Chesan is a5cbee37-1ebc-384c-88ed-21ec0222facc
[06:47:24] [Server thread/INFO]: Chesan joined the game
[06:47:24] [Server thread/INFO]: Chesan[/138.59.244.2:65284] logged in with entity id 6386 at ([world]10328.722021202811, 63.0, 9957.884987065067)
[06:48:10] [Server thread/INFO]: Rulitooo issued server command: /ping EnanoHot
[06:48:13] [Server thread/INFO]: Rulitooo issued server command: /ping EnanoHot Chesan
[06:48:17] [Server thread/INFO]: EnanoHot lost connection: Disconnected
[06:48:17] [Server thread/INFO]: EnanoHot left the game
[06:48:57] [Server thread/INFO]: Chesan has made the advancement [Stone Age]
[06:49:09] [Server thread/INFO]: Chesan has made the advancement [Getting an Upgrade]
[06:49:27] [Server thread/INFO]: Rulitooo issued server command: /home
[06:49:29] [Server thread/INFO]: Rulitooo issued server command: /home home
[06:51:07] [Server thread/INFO]: santi778 has made the advancement [Suit Up]
[06:51:38] [User Authenticator #9/INFO]: UUID of player EnanoHot is 25ad59e8-4ac1-3ea2-a695-5feaad2847db
[06:51:38] [Server thread/INFO]: EnanoHot joined the game
[06:51:38] [Server thread/INFO]: EnanoHot[/138.59.244.2:2049] logged in with entity id 7395 at ([world]10259.05467868693, 70.0, 9966.684929085646)
[06:52:03] [Server thread/INFO]: Rulitooo issued server command: /home aldea
[06:52:23] [Server thread/WARN]: EnanoHot was kicked due to keepalive timeout!
[06:52:23] [Server thread/INFO]: EnanoHot lost connection: Timed out
[06:52:23] [Server thread/INFO]: EnanoHot left the game
[06:52:55] [Server thread/INFO]: Chesan has made the advancement [Monster Hunter]
[06:52:58] [Server thread/INFO]: Rulitooo issued server command: /home home
[06:53:04] [Server thread/INFO]: Rulitooo issued server command: /time set day
[06:53:40] [Server thread/INFO]: Rulitooo issued server command: /home aldea
[06:53:45] [Server thread/INFO]: Rulitooo issued server command: /home home
[06:54:05] [Server thread/INFO]: Rulitooo issued server command: /weather sun 86400
[07:01:12] [User Authenticator #10/INFO]: UUID of player EnanoHot is 25ad59e8-4ac1-3ea2-a695-5feaad2847db
[07:01:12] [Server thread/INFO]: EnanoHot joined the game
[07:01:12] [Server thread/INFO]: EnanoHot[/138.59.244.2:64870] logged in with entity id 9862 at ([world]10262.400943871029, 70.5625, 9967.228590259581)
[07:05:55] [Server thread/INFO]: Rulitooo issued server command: /time set day
[07:07:27] [Server thread/INFO]: Rulitooo issued server command: /home aldea
[07:07:34] [Server thread/INFO]: Rulitooo burned to death
[07:07:40] [Server thread/INFO]: Rulitooo issued server command: /home aldea
[07:08:15] [Server thread/INFO]: Rulitooo issued server command: /home home
[07:11:59] [Server thread/INFO]: Rulitooo issued server command: /home aldea
[07:14:59] [Server thread/INFO]: Rulitooo issued server command: /creative
[07:16:21] [Server thread/INFO]: Rulitooo issued server command: /survival
[07:19:01] [Server thread/INFO]: Rulitooo issued server command: /home home
[07:19:11] [Server thread/INFO]: Rulitooo issued server command: /time set day
[07:20:03] [Server thread/INFO]: CONSOLE issued server command: /clear 
[07:20:03] [Server thread/INFO]: Error: Player not found.
[07:23:25] [Server thread/INFO]: Rulitooo issued server command: /home aldea
[07:28:38] [Server thread/INFO]: Rulitooo lost connection: Disconnected
[07:28:38] [Server thread/INFO]: Rulitooo left the game
[07:30:27] [Server thread/INFO]: santi778 lost connection: Disconnected
[07:30:27] [Server thread/INFO]: santi778 left the game
[07:57:23] [Server thread/INFO]: EnanoHot issued server command: /home
[07:58:16] [Server thread/INFO]: Chesan was slain by Enderman
[08:01:54] [Server thread/INFO]: elpupis issued server command: /tp home
[08:01:54] [Server thread/INFO]: [Essentials] elpupis was denied access to command.
[08:02:13] [Server thread/INFO]: elpupis issued server command: /home
[08:02:57] [Server thread/INFO]: Chesan issued server command: /tpa enanohoy
[08:03:02] [Server thread/INFO]: Chesan issued server command: /tpa enanohot
[08:03:13] [Server thread/INFO]: EnanoHot issued server command: /tpaccept
[08:06:06] [Server thread/INFO]: elpupis issued server command: /home
[08:09:41] [Server thread/INFO]: elpupis issued server command: /home
[08:13:04] [Server thread/INFO]: elpupis lost connection: Disconnected
[08:13:04] [Server thread/INFO]: elpupis left the game
[08:13:44] [Server thread/INFO]: Chesan has made the advancement [Sweet Dreams]
[08:15:14] [Server thread/INFO]: Chesan lost connection: Disconnected
[08:15:14] [Server thread/INFO]: Chesan left the game
[08:15:32] [Server thread/INFO]: EnanoHot lost connection: Disconnected
[08:15:32] [Server thread/INFO]: EnanoHot left the game
[08:39:03] [Server console handler/ERROR]: Caught previously unhandled exception :
java.io.IOError: java.io.IOException: Input/output error
	at org.bukkit.craftbukkit.libs.jline.keymap.BindingReader.readCharacter(BindingReader.java:170) ~[patched_1.17.1.jar:git-Paper-377]
	at org.bukkit.craftbukkit.libs.jline.keymap.BindingReader.readBinding(BindingReader.java:110) ~[patched_1.17.1.jar:git-Paper-377]
	at org.bukkit.craftbukkit.libs.jline.keymap.BindingReader.readBinding(BindingReader.java:61) ~[patched_1.17.1.jar:git-Paper-377]
	at org.bukkit.craftbukkit.libs.jline.reader.impl.LineReaderImpl.doReadBinding(LineReaderImpl.java:923) ~[patched_1.17.1.jar:git-Paper-377]
	at org.bukkit.craftbukkit.libs.jline.reader.impl.LineReaderImpl.readBinding(LineReaderImpl.java:956) ~[patched_1.17.1.jar:git-Paper-377]
	at org.bukkit.craftbukkit.libs.jline.reader.impl.LineReaderImpl.readLine(LineReaderImpl.java:651) ~[patched_1.17.1.jar:git-Paper-377]
	at org.bukkit.craftbukkit.libs.jline.reader.impl.LineReaderImpl.readLine(LineReaderImpl.java:468) ~[patched_1.17.1.jar:git-Paper-377]
	at net.minecrell.terminalconsole.SimpleTerminalConsole.readCommands(SimpleTerminalConsole.java:158) ~[patched_1.17.1.jar:git-Paper-377]
	at net.minecrell.terminalconsole.SimpleTerminalConsole.start(SimpleTerminalConsole.java:141) ~[patched_1.17.1.jar:git-Paper-377]
	at net.minecraft.server.dedicated.DedicatedServer$1.run(DedicatedServer.java:113) ~[patched_1.17.1.jar:git-Paper-377]
Caused by: java.io.IOException: Input/output error
	at java.io.FileInputStream.read0(Native Method) ~[?:?]
	at java.io.FileInputStream.read(FileInputStream.java:223) ~[?:?]
	at org.bukkit.craftbukkit.libs.jline.terminal.impl.AbstractPty$PtyInputStream.read(AbstractPty.java:73) ~[patched_1.17.1.jar:git-Paper-377]
	at org.bukkit.craftbukkit.libs.jline.utils.NonBlockingInputStream.read(NonBlockingInputStream.java:62) ~[patched_1.17.1.jar:git-Paper-377]
	at org.bukkit.craftbukkit.libs.jline.utils.NonBlocking$NonBlockingInputStreamReader.read(NonBlocking.java:168) ~[patched_1.17.1.jar:git-Paper-377]
	at org.bukkit.craftbukkit.libs.jline.utils.NonBlockingReader.read(NonBlockingReader.java:57) ~[patched_1.17.1.jar:git-Paper-377]
	at org.bukkit.craftbukkit.libs.jline.keymap.BindingReader.readCharacter(BindingReader.java:160) ~[patched_1.17.1.jar:git-Paper-377]
	... 9 more
[08:39:04] [Server thread/INFO]: Stopping server
[08:39:04] [Server thread/INFO]: Saving players
[08:39:04] [Server thread/INFO]: Saving worlds
[08:39:04] [Server thread/INFO]: Saving chunks for level 'ServerLevel[world]'/minecraft:overworld
[08:39:04] [Server thread/INFO]: Saving chunks for level 'ServerLevel[world_nether]'/minecraft:the_nether
[08:39:04] [Server thread/INFO]: Saving chunks for level 'ServerLevel[world_the_end]'/minecraft:the_end
[08:39:04] [Server thread/INFO]: ThreadedAnvilChunkStorage (world): All chunks are saved
[08:39:04] [Server thread/INFO]: ThreadedAnvilChunkStorage (DIM-1): All chunks are saved
[08:39:04] [Server thread/INFO]: ThreadedAnvilChunkStorage (DIM1): All chunks are saved
[08:39:04] [Server thread/INFO]: ThreadedAnvilChunkStorage: All dimensions are saved
[08:39:04] [Server thread/INFO]: Flushing Chunk IO
[08:39:04] [Server thread/INFO]: Closing Thread Pool
[08:39:04] [Server thread/INFO]: Closing Server
